<?xml version="1.0" encoding="UTF-8"?>
<testsuite name="ohtu.ohtuvarasto.VarastoTest" tests="13" skipped="0" failures="0" errors="0" timestamp="2018-10-31T17:46:42" hostname="lx7-fuxi181" time="0.005">
  <properties/>
  <testcase name="konstruktoriOsaaLaittaaAlkusaldon" classname="ohtu.ohtuvarasto.VarastoTest" time="0.002"/>
  <testcase name="ottaminenPalauttaaOikeanMaaran" classname="ohtu.ohtuvarasto.VarastoTest" time="0.0"/>
  <testcase name="lisaysLisaaPienentaaVapaataTilaa" classname="ohtu.ohtuvarasto.VarastoTest" time="0.0"/>
  <testcase name="lisaysLisaaSaldoa" classname="ohtu.ohtuvarasto.VarastoTest" time="0.0"/>
  <testcase name="eiVoiOttaaNegatiivista" classname="ohtu.ohtuvarasto.VarastoTest" time="0.0"/>
  <testcase name="toStringToimii" classname="ohtu.ohtuvarasto.VarastoTest" time="0.0"/>
  <testcase name="eiVoiLisataNegatiivista" classname="ohtu.ohtuvarasto.VarastoTest" time="0.0"/>
  <testcase name="eiVoiOttaaLiikaa" classname="ohtu.ohtuvarasto.VarastoTest" time="0.0"/>
  <testcase name="ylimaarainenLisaysYli" classname="ohtu.ohtuvarasto.VarastoTest" time="0.001"/>
  <testcase name="eiOtaVirheellistaTilavuutta" classname="ohtu.ohtuvarasto.VarastoTest" time="0.0"/>
  <testcase name="ottaminenLisääTilaa" classname="ohtu.ohtuvarasto.VarastoTest" time="0.0"/>
  <testcase name="uudellaVarastollaOikeaTilavuus" classname="ohtu.ohtuvarasto.VarastoTest" time="0.0"/>
  <testcase name="konstruktoriLuoTyhjanVaraston" classname="ohtu.ohtuvarasto.VarastoTest" time="0.0"/>
  <system-out><![CDATA[]]></system-out>
  <system-err><![CDATA[]]></system-err>
</testsuite>
